<?xml version="1.0" encoding="UTF-8"?>
<!-- Generated by org.testng.reporters.JUnitXMLReporter -->
<testsuite hostname="jokin" name="Test" tests="4" failures="1" timestamp="8 May 2018 05:00:29 GMT" time="18.615" errors="0">
  <testcase name="f" time="0.006" classname="testcase.CaseCompanyInfoTest"/>
  <testcase name="TestDome" time="5.896" classname="testcase.LongguoLoginTest"/>
  <testcase name="TestDome" time="12.657" classname="testcase.WebUITestDemo">
    <failure type="java.lang.NullPointerException">
      <![CDATA[java.lang.NullPointerException
	at testcase.WebUITestDemo.TestDome(WebUITestDemo.java:39)
... Removed 24 stack frames]]>
    </failure>
  </testcase> <!-- TestDome -->
  <testcase name="f" time="0.002" classname="testcase.CaseLoginTest"/>
</testsuite> <!-- Test -->
