<?xml version="1.0" encoding="UTF-8"?>
<testng-results skipped="0" failed="0" total="2" passed="2">
  <reporter-output>
  </reporter-output>
  <suite name="Default suite" duration-ms="14942" started-at="2018-05-13T10:33:28Z" finished-at="2018-05-13T10:33:43Z">
    <groups>
    </groups>
    <test name="Default test" duration-ms="14942" started-at="2018-05-13T10:33:28Z" finished-at="2018-05-13T10:33:43Z">
      <class name="testcase.CaseLoginTest">
        <test-method status="PASS" signature="beforeClass()[pri:0, instance:testcase.CaseLoginTest@627551fb]" name="beforeClass" is-config="true" duration-ms="8" started-at="2018-05-13T18:33:28Z" finished-at="2018-05-13T18:33:28Z">
          <reporter-output>
          </reporter-output>
        </test-method> <!-- beforeClass -->
        <test-method status="PASS" signature="loginTest()[pri:0, instance:testcase.CaseLoginTest@627551fb]" name="loginTest" duration-ms="12597" started-at="2018-05-13T18:33:28Z" finished-at="2018-05-13T18:33:40Z">
          <reporter-output>
          </reporter-output>
        </test-method> <!-- loginTest -->
        <test-method status="PASS" signature="signOutTest()[pri:0, instance:testcase.CaseLoginTest@627551fb]" name="signOutTest" duration-ms="2" started-at="2018-05-13T18:33:40Z" finished-at="2018-05-13T18:33:40Z">
          <reporter-output>
          </reporter-output>
        </test-method> <!-- signOutTest -->
        <test-method status="PASS" signature="afterClass()[pri:0, instance:testcase.CaseLoginTest@627551fb]" name="afterClass" is-config="true" duration-ms="2313" started-at="2018-05-13T18:33:40Z" finished-at="2018-05-13T18:33:43Z">
          <reporter-output>
          </reporter-output>
        </test-method> <!-- afterClass -->
      </class> <!-- testcase.CaseLoginTest -->
    </test> <!-- Default test -->
  </suite> <!-- Default suite -->
</testng-results>
