<?xml version="1.0" encoding="UTF-8"?>
<testng-results skipped="0" failed="0" total="1" passed="1">
  <reporter-output>
  </reporter-output>
  <suite name="Default suite" duration-ms="5248" started-at="2018-05-05T11:51:44Z" finished-at="2018-05-05T11:51:50Z">
    <groups>
    </groups>
    <test name="Default test" duration-ms="5248" started-at="2018-05-05T11:51:44Z" finished-at="2018-05-05T11:51:50Z">
      <class name="testcase.longguoLoginTest">
        <test-method status="PASS" signature="TestDome()[pri:0, instance:testcase.longguoLoginTest@6767c1fc]" name="TestDome" duration-ms="5226" started-at="2018-05-05T19:51:44Z" finished-at="2018-05-05T19:51:50Z">
          <reporter-output>
          </reporter-output>
        </test-method> <!-- TestDome -->
      </class> <!-- testcase.longguoLoginTest -->
    </test> <!-- Default test -->
  </suite> <!-- Default suite -->
</testng-results>
