<?xml version="1.0" encoding="UTF-8"?>
<testng-results skipped="0" failed="0" total="5" passed="5">
  <reporter-output>
  </reporter-output>
  <suite name="Suite" duration-ms="22940" started-at="2018-05-11T12:57:56Z" finished-at="2018-05-11T12:58:19Z">
    <groups>
    </groups>
    <test name="Test" duration-ms="22940" started-at="2018-05-11T12:57:56Z" finished-at="2018-05-11T12:58:19Z">
      <class name="testcase.CaseCompanyInfoTest">
        <test-method status="PASS" signature="beforeClass()[pri:0, instance:testcase.CaseCompanyInfoTest@79be0360]" name="beforeClass" is-config="true" duration-ms="8" started-at="2018-05-11T20:57:56Z" finished-at="2018-05-11T20:57:56Z">
          <reporter-output>
          </reporter-output>
        </test-method> <!-- beforeClass -->
        <test-method status="PASS" signature="f()[pri:0, instance:testcase.CaseCompanyInfoTest@79be0360]" name="f" duration-ms="10006" started-at="2018-05-11T20:57:56Z" finished-at="2018-05-11T20:58:06Z">
          <reporter-output>
          </reporter-output>
        </test-method> <!-- f -->
        <test-method status="PASS" signature="afterClass()[pri:0, instance:testcase.CaseCompanyInfoTest@79be0360]" name="afterClass" is-config="true" duration-ms="2" started-at="2018-05-11T20:58:06Z" finished-at="2018-05-11T20:58:06Z">
          <reporter-output>
          </reporter-output>
        </test-method> <!-- afterClass -->
      </class> <!-- testcase.CaseCompanyInfoTest -->
      <class name="testcase.CaseLoginTest">
        <test-method status="PASS" signature="beforeClass()[pri:0, instance:testcase.CaseLoginTest@57855c9a]" name="beforeClass" is-config="true" duration-ms="3" started-at="2018-05-11T20:57:56Z" finished-at="2018-05-11T20:57:56Z">
          <reporter-output>
          </reporter-output>
        </test-method> <!-- beforeClass -->
        <test-method status="PASS" signature="loginTest()[pri:0, instance:testcase.CaseLoginTest@57855c9a]" name="loginTest" duration-ms="15606" started-at="2018-05-11T20:57:56Z" finished-at="2018-05-11T20:58:12Z">
          <reporter-output>
          </reporter-output>
        </test-method> <!-- loginTest -->
        <test-method status="PASS" signature="signOutTest()[pri:0, instance:testcase.CaseLoginTest@57855c9a]" name="signOutTest" duration-ms="1" started-at="2018-05-11T20:58:05Z" finished-at="2018-05-11T20:58:05Z">
          <reporter-output>
          </reporter-output>
        </test-method> <!-- signOutTest -->
        <test-method status="PASS" signature="afterClass()[pri:0, instance:testcase.CaseLoginTest@57855c9a]" name="afterClass" is-config="true" duration-ms="1" started-at="2018-05-11T20:58:12Z" finished-at="2018-05-11T20:58:12Z">
          <reporter-output>
          </reporter-output>
        </test-method> <!-- afterClass -->
      </class> <!-- testcase.CaseLoginTest -->
      <class name="testcase.LongguoLoginTest">
        <test-method status="PASS" signature="TestDome()[pri:0, instance:testcase.LongguoLoginTest@22a67b4]" name="TestDome" duration-ms="8433" started-at="2018-05-11T20:57:56Z" finished-at="2018-05-11T20:58:05Z">
          <reporter-output>
          </reporter-output>
        </test-method> <!-- TestDome -->
      </class> <!-- testcase.LongguoLoginTest -->
      <class name="testcase.CaseChoicePermissionTest">
        <test-method status="PASS" signature="beforeClass()[pri:0, instance:testcase.CaseChoicePermissionTest@6321e813]" name="beforeClass" is-config="true" duration-ms="8" started-at="2018-05-11T20:57:56Z" finished-at="2018-05-11T20:57:56Z">
          <reporter-output>
          </reporter-output>
        </test-method> <!-- beforeClass -->
        <test-method status="PASS" signature="choicePermissionTest()[pri:0, instance:testcase.CaseChoicePermissionTest@6321e813]" name="choicePermissionTest" duration-ms="22917" started-at="2018-05-11T20:57:56Z" finished-at="2018-05-11T20:58:19Z">
          <reporter-output>
          </reporter-output>
        </test-method> <!-- choicePermissionTest -->
        <test-method status="PASS" signature="afterClass()[pri:0, instance:testcase.CaseChoicePermissionTest@6321e813]" name="afterClass" is-config="true" duration-ms="0" started-at="2018-05-11T20:58:19Z" finished-at="2018-05-11T20:58:19Z">
          <reporter-output>
          </reporter-output>
        </test-method> <!-- afterClass -->
      </class> <!-- testcase.CaseChoicePermissionTest -->
    </test> <!-- Test -->
  </suite> <!-- Suite -->
</testng-results>
